Starting a Gradle Daemon, 2 incompatible and 6 stopped Daemons could not be reused, use --status for details
> Task :app:clean
> Task :app:preBuild UP-TO-DATE
> Task :app:preDebugBuild UP-TO-DATE
> Task :app:mergeDebugNativeDebugMetadata NO-SOURCE
> Task :app:checkKotlinGradlePluginConfigurationErrors SKIPPED
> Task :app:checkDebugAarMetadata
> Task :app:processDebugNavigationResources
> Task :app:generateDebugResValues
> Task :app:compileDebugNavigationResources
> Task :app:mapDebugSourceSetPaths
> Task :app:generateDebugResources
> Task :app:packageDebugResources
> Task :app:createDebugCompatibleScreenManifests
> Task :app:extractDeepLinksDebug
> Task :app:parseDebugLocalResources
> Task :app:mergeDebugResources
> Task :app:processDebugMainManifest
> Task :app:processDebugManifest
> Task :app:mergeDebugShaders
> Task :app:compileDebugShaders NO-SOURCE
> Task :app:generateDebugAssets UP-TO-DATE
> Task :app:javaPreCompileDebug
> Task :app:mergeDebugAssets
> Task :app:compressDebugAssets
> Task :app:desugarDebugFileDependencies
> Task :app:mergeDebugJniLibFolders
> Task :app:checkDebugDuplicateClasses
> Task :app:mergeDebugNativeLibs
> Task :app:mergeLibDexDebug

> Task :app:stripDebugDebugSymbols
Unable to strip the following libraries, packaging them as they are: libandroidx.graphics.path.so. Run with --info option to learn more.

> Task :app:validateSigningDebug
> Task :app:writeDebugAppMetadata
> Task :app:writeDebugSigningConfigVersions
> Task :app:processDebugManifestForPackage
> Task :app:processDebugResources
> Task :app:mergeExtDexDebug

> Task :app:kaptGenerateStubsDebugKotlin
w: Kapt currently doesn't support language version 2.0+. Falling back to 1.9.

> Task :app:kaptDebugKotlin

> Task :app:compileDebugKotlin FAILED
e: file:///C:/Users/Angel/Documents/uni/AppsMoviles/ET/TiendaStore-Movil/app/src/main/java/com/example/tiendastore/data/DataBaseHelper.kt:193:5 No parameter with name 'categoria' found.
e: file:///C:/Users/Angel/Documents/uni/AppsMoviles/ET/TiendaStore-Movil/app/src/main/java/com/example/tiendastore/data/DataBaseHelper.kt:203:16 Unresolved reference 'categoria'.
e: file:///C:/Users/Angel/Documents/uni/AppsMoviles/ET/TiendaStore-Movil/app/src/main/java/com/example/tiendastore/ui/navigation/AppNavigation.kt:47:36 Unresolved reference 'isAdmin'.
e: file:///C:/Users/Angel/Documents/uni/AppsMoviles/ET/TiendaStore-Movil/app/src/main/java/com/example/tiendastore/ui/navigation/AppNavigation.kt:48:34 Unresolved reference 'profile'.
e: file:///C:/Users/Angel/Documents/uni/AppsMoviles/ET/TiendaStore-Movil/app/src/main/java/com/example/tiendastore/ui/navigation/AppNavigation.kt:48:42 Cannot infer type for this parameter. Please specify it explicitly.
e: file:///C:/Users/Angel/Documents/uni/AppsMoviles/ET/TiendaStore-Movil/app/src/main/java/com/example/tiendastore/ui/navigation/AppNavigation.kt:48:66 Unresolved reference 'name'.
e: file:///C:/Users/Angel/Documents/uni/AppsMoviles/ET/TiendaStore-Movil/app/src/main/java/com/example/tiendastore/ui/navigation/AppNavigation.kt:59:59 Argument type mismatch: actual type is 'kotlin.Int', but 'kotlin.Long' was expected.
e: file:///C:/Users/Angel/Documents/uni/AppsMoviles/ET/TiendaStore-Movil/app/src/main/java/com/example/tiendastore/ui/navigation/AppNavigation.kt:60:50 Argument type mismatch: actual type is 'kotlin.Int', but 'kotlin.Long' was expected.
e: file:///C:/Users/Angel/Documents/uni/AppsMoviles/ET/TiendaStore-Movil/app/src/main/java/com/example/tiendastore/ui/navigation/AppNavigation.kt:73:63 Argument type mismatch: actual type is 'kotlin.Int', but 'kotlin.Long' was expected.
e: file:///C:/Users/Angel/Documents/uni/AppsMoviles/ET/TiendaStore-Movil/app/src/main/java/com/example/tiendastore/ui/navigation/AppNavigation.kt:74:54 Argument type mismatch: actual type is 'kotlin.Int', but 'kotlin.Long' was expected.
e: file:///C:/Users/Angel/Documents/uni/AppsMoviles/ET/TiendaStore-Movil/app/src/main/java/com/example/tiendastore/ui/navigation/AppNavigation.kt:94:31 Unresolved reference 'profile'.
e: file:///C:/Users/Angel/Documents/uni/AppsMoviles/ET/TiendaStore-Movil/app/src/main/java/com/example/tiendastore/ui/navigation/AppNavigation.kt:94:39 Cannot infer type for this parameter. Please specify it explicitly.
e: file:///C:/Users/Angel/Documents/uni/AppsMoviles/ET/TiendaStore-Movil/app/src/main/java/com/example/tiendastore/ui/view/components/CartQuickSheet.kt:61:73 Argument type mismatch: actual type is 'kotlin.Long', but 'kotlin.Int' was expected.
e: file:///C:/Users/Angel/Documents/uni/AppsMoviles/ET/TiendaStore-Movil/app/src/main/java/com/example/tiendastore/ui/view/components/CartQuickSheet.kt:62:56 Argument type mismatch: actual type is 'kotlin.Long', but 'kotlin.Int' was expected.
e: file:///C:/Users/Angel/Documents/uni/AppsMoviles/ET/TiendaStore-Movil/app/src/main/java/com/example/tiendastore/ui/view/components/CartQuickSheet.kt:65:61 Argument type mismatch: actual type is 'kotlin.Long', but 'kotlin.Int' was expected.
e: file:///C:/Users/Angel/Documents/uni/AppsMoviles/ET/TiendaStore-Movil/app/src/main/java/com/example/tiendastore/viewmodel/AuthViewModel.kt:6:50 Conflicting import: imported name 'AuthValidator' is ambiguous.
e: file:///C:/Users/Angel/Documents/uni/AppsMoviles/ET/TiendaStore-Movil/app/src/main/java/com/example/tiendastore/viewmodel/AuthViewModel.kt:13:50 Conflicting import: imported name 'AuthValidator' is ambiguous.

FAILURE: Build failed with an exception.

* What went wrong:
Execution failed for task ':app:compileDebugKotlin'.
> A failure occurred while executing org.jetbrains.kotlin.compilerRunner.GradleCompilerRunnerWithWorkers$GradleKotlinCompilerWorkAction
   > Compilation error. See log for more details

* Try:
> Run with --stacktrace option to get the stack trace.
> Run with --info or --debug option to get more log output.
> Run with --scan to get full insights.
> Get more help at https://help.gradle.org.

BUILD FAILED in 29s
33 actionable tasks: 33 executed
